Running 121 personas (one per active archetype)
  ... 10/121  latest: 011 Jacobin Egalitarian → top1=013 Radical Leveler (d=0.38)  rank=2
  ... 20/121  latest: 024 Ethical Internationalist → top1=024 Ethical Internationalist (d=0.34)  rank=1
  ... 30/121  latest: 037 Fabian Modernizer → top1=037 Fabian Modernizer (d=0.34)  rank=1
  ... 40/121  latest: 051 Systemic Redistributionist → top1=051 Systemic Redistributionist (d=0.38)  rank=1
  ... 50/121  latest: 065 Opportunity Liberal → top1=031 Planetary Steward (d=0.35)  rank=-1
  ... 60/121  latest: 078 Meritocratic Conservative → top1=078 Meritocratic Conservative (d=0.36)  rank=1
  ... 70/121  latest: 089 Integral Traditionalist → top1=083 Closed Traditionalist (d=0.34)  rank=-1
  ... 80/121  latest: 101 Embattled Majoritarian → top1=106 Militant Partisan (d=0.36)  rank=2
  ... 90/121  latest: 112 Engaged Cosmopolitan → top1=112 Engaged Cosmopolitan (d=0.39)  rank=1
  ... 100/121  latest: 122 Civic Minimalist → top1=050 Traditionalist Moralist (d=0.40)  rank=-1
  ... 110/121  latest: 135 Disruptive Cosmopolitan → top1=135 Disruptive Cosmopolitan (d=0.38)  rank=1
  ... 120/121  latest: 145 Feminist Voter → top1=048 Solidaristic Localist (d=0.37)  rank=-1

=== Recovery Rates ===
Top-1: 62/121 (51.2%)
Top-3: 84/121 (69.4%)
Avg questions answered: 27.0

=== Personas NOT recovered in top-3 (37) ===
  003 Consensus Redistributionist        → got 002 Independent Social Democrat
  008 Procedural Redistributionist       → got 002 Independent Social Democrat
  015 Moral Firebrand                    → got 012 Class-War Leftist
  029 Liberationist Progressive          → got 022 Pluralist Universalist
  059 Public-Minded Moderate             → got 048 Solidaristic Localist
  060 Hinge Citizen                      → got 051 Systemic Redistributionist
  062 Meritocratic Liberal               → got 039 Data-Driven Moderate
  065 Opportunity Liberal                → got 031 Planetary Steward
  067 Free-Exchange Modernist            → got 033 Systems Modernizer
  069 Bleeding-Heart Libertarian         → got 065 Opportunity Liberal
  076 Fiscal Gradualist                  → got 088 Gentle Traditionalist
  077 Ordered Libertarian                → got 042 Localist Progressive
  079 National Developmentalist          → got 070 Burkean Steward
  086 Duty Traditionalist                → got 046 Pastoral Leftist
  089 Integral Traditionalist            → got 083 Closed Traditionalist
  110 Principled Abstainer               → got 124 Latent Alarmist
  111 Cosmopolitan Nonconformist         → got 112 Engaged Cosmopolitan
  115 Quietist                           → got 087 Continuity Conservative
  116 Quiet Middle                       → got 039 Data-Driven Moderate
  117 Comfortable Bystander              → got 048 Solidaristic Localist
  119 Apolitical Striver                 → got 078 Meritocratic Conservative
  121 Spectator Citizen                  → got 134 Progressive Civic Nationalis
  122 Civic Minimalist                   → got 050 Traditionalist Moralist
  125 Reluctant Partisan                 → got 006 Fairness Pragmatist
  127 Tribal Loyalist                    → got 131 Duty Voter
  128 Loyal Democrat                     → got 042 Localist Progressive
  129 Loyal Republican                   → got 139 Civic Assimilationist
  132 Negative Partisan                  → got 091 Security Paternalist
  136 Aspirational Traditionalist        → got 087 Continuity Conservative
  137 Moral Crusader                     → got 091 Security Paternalist
  ... and 7 more

=== Top-1 misassignments (persona → wrong archetype) ===
Personas where target was NOT top-1: 59
Examples (first 20):
  003:Consensus Redistributionist → 002:Independent Social Democrat
  005:Pluralist Structuralist → 032:Hamiltonian Technocrat
  008:Procedural Redistributionist → 002:Independent Social Democrat
  011:Jacobin Egalitarian → 013:Radical Leveler
  015:Moral Firebrand → 012:Class-War Leftist
  016:Insurgent Equalizer → 013:Radical Leveler
  017:Uncompromising Redistributionist → 012:Class-War Leftist
  022:Pluralist Universalist → 065:Opportunity Liberal
  028:Global Caretaker → 026:Cosmopolitan Pragmatist
  029:Liberationist Progressive → 022:Pluralist Universalist
  040:Reform Engineer → 026:Cosmopolitan Pragmatist
  042:Localist Progressive → 048:Solidaristic Localist
  050:Traditionalist Moralist → 087:Continuity Conservative
  053:Consensus Builder → 039:Data-Driven Moderate
  054:Arbiter Moderate → 037:Fabian Modernizer
  059:Public-Minded Moderate → 048:Solidaristic Localist
  060:Hinge Citizen → 051:Systemic Redistributionist
  062:Meritocratic Liberal → 039:Data-Driven Moderate
  065:Opportunity Liberal → 031:Planetary Steward
  067:Free-Exchange Modernist → 033:Systems Modernizer

=== Attractor archetypes (where mispredicted personas land) ===
  048 Solidaristic Localist              attracts 9 wrong personas
  106 Militant Partisan                  attracts 4 wrong personas
  012 Class-War Leftist                  attracts 3 wrong personas
  087 Continuity Conservative            attracts 3 wrong personas
  039 Data-Driven Moderate               attracts 3 wrong personas
  091 Security Paternalist               attracts 3 wrong personas
  002 Independent Social Democrat        attracts 2 wrong personas
  013 Radical Leveler                    attracts 2 wrong personas
  065 Opportunity Liberal                attracts 2 wrong personas
  026 Cosmopolitan Pragmatist            attracts 2 wrong personas
  042 Localist Progressive               attracts 2 wrong personas
  118 Survival Pragmatist                attracts 2 wrong personas
  032 Hamiltonian Technocrat             attracts 1 wrong personas
  022 Pluralist Universalist             attracts 1 wrong personas
  037 Fabian Modernizer                  attracts 1 wrong personas

Wrote output/persona-replay.json
