Running 121 personas (one per active archetype)
  ... 10/121  latest: 011 Jacobin Egalitarian → top1=011 Jacobin Egalitarian (d=0.39)  rank=1
  ... 20/121  latest: 024 Ethical Internationalist → top1=024 Ethical Internationalist (d=0.35)  rank=1
  ... 30/121  latest: 037 Fabian Modernizer → top1=037 Fabian Modernizer (d=0.35)  rank=1
  ... 40/121  latest: 051 Systemic Redistributionist → top1=051 Systemic Redistributionist (d=0.38)  rank=1
  ... 50/121  latest: 065 Opportunity Liberal → top1=031 Planetary Steward (d=0.34)  rank=-1
  ... 60/121  latest: 078 Meritocratic Conservative → top1=078 Meritocratic Conservative (d=0.35)  rank=1
  ... 70/121  latest: 089 Integral Traditionalist → top1=083 Closed Traditionalist (d=0.35)  rank=-1
  ... 80/121  latest: 101 Embattled Majoritarian → top1=106 Militant Partisan (d=0.36)  rank=2
  ... 90/121  latest: 112 Engaged Cosmopolitan → top1=112 Engaged Cosmopolitan (d=0.40)  rank=1
  ... 100/121  latest: 122 Civic Minimalist → top1=050 Traditionalist Moralist (d=0.39)  rank=-1
  ... 110/121  latest: 135 Disruptive Cosmopolitan → top1=135 Disruptive Cosmopolitan (d=0.39)  rank=1
  ... 120/121  latest: 145 Feminist Voter → top1=048 Solidaristic Localist (d=0.38)  rank=-1

=== Recovery Rates ===
Top-1: 66/121 (54.5%)
Top-3: 85/121 (70.2%)
Avg questions answered: 27.0

=== Personas NOT recovered in top-3 (36) ===
  003 Consensus Redistributionist        → got 039 Data-Driven Moderate
  015 Moral Firebrand                    → got 012 Class-War Leftist
  016 Insurgent Equalizer                → got 107 Resentful Localist
  059 Public-Minded Moderate             → got 048 Solidaristic Localist
  060 Hinge Citizen                      → got 046 Pastoral Leftist
  062 Meritocratic Liberal               → got 039 Data-Driven Moderate
  065 Opportunity Liberal                → got 031 Planetary Steward
  067 Free-Exchange Modernist            → got 033 Systems Modernizer
  069 Bleeding-Heart Libertarian         → got 065 Opportunity Liberal
  076 Fiscal Gradualist                  → got 074 Responsible Conservative
  077 Ordered Libertarian                → got 042 Localist Progressive
  086 Duty Traditionalist                → got 046 Pastoral Leftist
  089 Integral Traditionalist            → got 083 Closed Traditionalist
  100 Tribal Insurgent                   → got 106 Militant Partisan
  109 Alienated Outsider                 → got 098 Anti-Elite Populist
  110 Principled Abstainer               → got 137 Moral Crusader
  111 Cosmopolitan Nonconformist         → got 042 Localist Progressive
  115 Quietist                           → got 087 Continuity Conservative
  116 Quiet Middle                       → got 048 Solidaristic Localist
  117 Comfortable Bystander              → got 048 Solidaristic Localist
  119 Apolitical Striver                 → got 078 Meritocratic Conservative
  121 Spectator Citizen                  → got 134 Progressive Civic Nationalis
  122 Civic Minimalist                   → got 050 Traditionalist Moralist
  125 Reluctant Partisan                 → got 048 Solidaristic Localist
  127 Tribal Loyalist                    → got 131 Duty Voter
  128 Loyal Democrat                     → got 042 Localist Progressive
  132 Negative Partisan                  → got 091 Security Paternalist
  136 Aspirational Traditionalist        → got 087 Continuity Conservative
  137 Moral Crusader                     → got 083 Closed Traditionalist
  138 Optimistic Challenger              → got 012 Class-War Leftist
  ... and 6 more

=== Top-1 misassignments (persona → wrong archetype) ===
Personas where target was NOT top-1: 55
Examples (first 20):
  003:Consensus Redistributionist → 039:Data-Driven Moderate
  008:Procedural Redistributionist → 002:Independent Social Democrat
  015:Moral Firebrand → 012:Class-War Leftist
  016:Insurgent Equalizer → 107:Resentful Localist
  017:Uncompromising Redistributionist → 012:Class-War Leftist
  020:Grassroots Autonomist → 029:Liberationist Progressive
  022:Pluralist Universalist → 026:Cosmopolitan Pragmatist
  028:Global Caretaker → 065:Opportunity Liberal
  035:Administrative Liberal → 039:Data-Driven Moderate
  042:Localist Progressive → 048:Solidaristic Localist
  049:Moral Egalitarian → 043:Quiet Egalitarian
  050:Traditionalist Moralist → 087:Continuity Conservative
  054:Arbiter Moderate → 037:Fabian Modernizer
  059:Public-Minded Moderate → 048:Solidaristic Localist
  060:Hinge Citizen → 046:Pastoral Leftist
  062:Meritocratic Liberal → 039:Data-Driven Moderate
  065:Opportunity Liberal → 031:Planetary Steward
  067:Free-Exchange Modernist → 033:Systems Modernizer
  069:Bleeding-Heart Libertarian → 065:Opportunity Liberal
  076:Fiscal Gradualist → 074:Responsible Conservative

=== Attractor archetypes (where mispredicted personas land) ===
  048 Solidaristic Localist              attracts 11 wrong personas
  087 Continuity Conservative            attracts 4 wrong personas
  106 Militant Partisan                  attracts 4 wrong personas
  039 Data-Driven Moderate               attracts 3 wrong personas
  012 Class-War Leftist                  attracts 3 wrong personas
  042 Localist Progressive               attracts 3 wrong personas
  065 Opportunity Liberal                attracts 2 wrong personas
  046 Pastoral Leftist                   attracts 2 wrong personas
  083 Closed Traditionalist              attracts 2 wrong personas
  091 Security Paternalist               attracts 2 wrong personas
  137 Moral Crusader                     attracts 2 wrong personas
  002 Independent Social Democrat        attracts 1 wrong personas
  107 Resentful Localist                 attracts 1 wrong personas
  029 Liberationist Progressive          attracts 1 wrong personas
  026 Cosmopolitan Pragmatist            attracts 1 wrong personas


=== Dump 1 — 088 Gentle Traditionalist (hardened-fascist persona) ===
  Q total: 26  (recorded 21, synthesized 5)
  matched: 090 Hobbesian Guardian · distance 0.39
  target 088 rank: -1
  perNode: MAT:6(p3.8/s1.42) CD:7(p4.5/s2.94) CU:7(p1.4/s2.65) MOR:5(p1.6/s2.81) PRO:7(p3.1/s1.50) COM:6(p2.7/s0.82) ZS:7(p4.2/s2.78) ONT_H:7(p1.8/s2.66) ONT_S:4(p3.2/s2.20) PF:2(p4.6/s2.33) TRB:1(p3.0/s1.40) ENG:2(p4.6/s2.33)
Wrote output/persona-replay.json

=== Dump 2 — 056 Institutional Leftist (Sam's 2026-04-28 run) ===
  Q total: 31  (recorded 30, synthesized 1)
  matched: 056 Institutional Leftist · distance 0.37
  target 056 rank: 1 · distance 0.37
  perNode: MAT:7(p1.6/s2.91) CD:7(p2.9/s1.60) CU:10(p3.2/s2.87) MOR:8(p3.7/s2.24) PRO:10(p3.7/s1.94) COM:7(p2.4/s1.60) ZS:4(p2.5/s1.67) ONT_H:8(p4.0/s2.58) ONT_S:7(p4.5/s2.95) PF:2(p4.6/s2.33) TRB:1(p3.0/s1.40) ENG:2(p4.6/s2.33)

=== Dump 3 — 011 Jacobin Egalitarian ===
  Q total: 31  (recorded 26, synthesized 5)
  matched: 011 Jacobin Egalitarian · distance 0.39
  target 011 rank: 1 · distance 0.39
  perNode: MAT:6(p2.0/s2.12) CD:7(p1.5/s2.50) CU:9(p4.3/s2.33) MOR:7(p4.6/s2.92) PRO:10(p2.6/s1.94) COM:7(p2.8/s1.22) ZS:8(p4.1/s2.14) ONT_H:8(p2.9/s1.86) ONT_S:7(p2.5/s2.13) PF:1(p2.4/s1.50) TRB:1(p3.0/s1.44) ENG:2(p1.4/s2.00)

Wrote C:\Users\Sam\Desktop\polmodel-clean\output\dump-replay.json
