Running 121 personas (one per active archetype)
  ... 10/121  latest: 011 Jacobin Egalitarian → top1=013 Radical Leveler (d=0.39)  rank=-1
  ... 20/121  latest: 024 Ethical Internationalist → top1=031 Planetary Steward (d=0.35)  rank=2
  ... 30/121  latest: 037 Fabian Modernizer → top1=037 Fabian Modernizer (d=0.35)  rank=1
  ... 40/121  latest: 051 Systemic Redistributionist → top1=051 Systemic Redistributionist (d=0.38)  rank=1
  ... 50/121  latest: 065 Opportunity Liberal → top1=031 Planetary Steward (d=0.36)  rank=-1
  ... 60/121  latest: 078 Meritocratic Conservative → top1=078 Meritocratic Conservative (d=0.39)  rank=1
  ... 70/121  latest: 089 Integral Traditionalist → top1=083 Closed Traditionalist (d=0.34)  rank=-1
  ... 80/121  latest: 101 Embattled Majoritarian → top1=106 Militant Partisan (d=0.37)  rank=3
  ... 90/121  latest: 112 Engaged Cosmopolitan → top1=112 Engaged Cosmopolitan (d=0.39)  rank=1
  ... 100/121  latest: 122 Civic Minimalist → top1=050 Traditionalist Moralist (d=0.40)  rank=-1
  ... 110/121  latest: 135 Disruptive Cosmopolitan → top1=021 Principled Cosmopolitan (d=0.39)  rank=-1
  ... 120/121  latest: 145 Feminist Voter → top1=048 Solidaristic Localist (d=0.37)  rank=-1

=== Recovery Rates ===
Top-1: 56/121 (46.3%)
Top-3: 82/121 (67.8%)
Avg questions answered: 25.6

=== Personas NOT recovered in top-3 (39) ===
  003 Consensus Redistributionist        → got 002 Independent Social Democrat
  011 Jacobin Egalitarian                → got 013 Radical Leveler
  015 Moral Firebrand                    → got 012 Class-War Leftist
  029 Liberationist Progressive          → got 031 Planetary Steward
  040 Reform Engineer                    → got 057 Temperate Pluralist
  053 Consensus Builder                  → got 039 Data-Driven Moderate
  059 Public-Minded Moderate             → got 039 Data-Driven Moderate
  060 Hinge Citizen                      → got 088 Gentle Traditionalist
  062 Meritocratic Liberal               → got 039 Data-Driven Moderate
  065 Opportunity Liberal                → got 031 Planetary Steward
  067 Free-Exchange Modernist            → got 033 Systems Modernizer
  069 Bleeding-Heart Libertarian         → got 065 Opportunity Liberal
  077 Ordered Libertarian                → got 039 Data-Driven Moderate
  079 National Developmentalist          → got 036 Institutional Optimizer
  086 Duty Traditionalist                → got 088 Gentle Traditionalist
  089 Integral Traditionalist            → got 083 Closed Traditionalist
  100 Tribal Insurgent                   → got 106 Militant Partisan
  110 Principled Abstainer               → got 012 Class-War Leftist
  111 Cosmopolitan Nonconformist         → got 048 Solidaristic Localist
  115 Quietist                           → got 087 Continuity Conservative
  116 Quiet Middle                       → got 039 Data-Driven Moderate
  117 Comfortable Bystander              → got 048 Solidaristic Localist
  119 Apolitical Striver                 → got 060 Hinge Citizen
  121 Spectator Citizen                  → got 134 Progressive Civic Nationalis
  122 Civic Minimalist                   → got 050 Traditionalist Moralist
  125 Reluctant Partisan                 → got 048 Solidaristic Localist
  127 Tribal Loyalist                    → got 131 Duty Voter
  128 Loyal Democrat                     → got 048 Solidaristic Localist
  132 Negative Partisan                  → got 091 Security Paternalist
  135 Disruptive Cosmopolitan            → got 021 Principled Cosmopolitan
  ... and 9 more

=== Top-1 misassignments (persona → wrong archetype) ===
Personas where target was NOT top-1: 65
Examples (first 20):
  003:Consensus Redistributionist → 002:Independent Social Democrat
  005:Pluralist Structuralist → 032:Hamiltonian Technocrat
  007:Solidarist Reformer → 087:Continuity Conservative
  008:Procedural Redistributionist → 002:Independent Social Democrat
  010:Bread-and-Butter Progressive → 002:Independent Social Democrat
  011:Jacobin Egalitarian → 013:Radical Leveler
  015:Moral Firebrand → 012:Class-War Leftist
  016:Insurgent Equalizer → 013:Radical Leveler
  017:Uncompromising Redistributionist → 012:Class-War Leftist
  020:Grassroots Autonomist → 012:Class-War Leftist
  024:Ethical Internationalist → 031:Planetary Steward
  028:Global Caretaker → 026:Cosmopolitan Pragmatist
  029:Liberationist Progressive → 031:Planetary Steward
  035:Administrative Liberal → 039:Data-Driven Moderate
  040:Reform Engineer → 057:Temperate Pluralist
  042:Localist Progressive → 048:Solidaristic Localist
  050:Traditionalist Moralist → 087:Continuity Conservative
  053:Consensus Builder → 039:Data-Driven Moderate
  059:Public-Minded Moderate → 039:Data-Driven Moderate
  060:Hinge Citizen → 088:Gentle Traditionalist

=== Attractor archetypes (where mispredicted personas land) ===
  048 Solidaristic Localist              attracts 11 wrong personas
  039 Data-Driven Moderate               attracts 6 wrong personas
  087 Continuity Conservative            attracts 5 wrong personas
  012 Class-War Leftist                  attracts 5 wrong personas
  106 Militant Partisan                  attracts 5 wrong personas
  002 Independent Social Democrat        attracts 3 wrong personas
  031 Planetary Steward                  attracts 3 wrong personas
  091 Security Paternalist               attracts 3 wrong personas
  013 Radical Leveler                    attracts 2 wrong personas
  088 Gentle Traditionalist              attracts 2 wrong personas
  065 Opportunity Liberal                attracts 2 wrong personas
  032 Hamiltonian Technocrat             attracts 1 wrong personas
  026 Cosmopolitan Pragmatist            attracts 1 wrong personas
  057 Temperate Pluralist                attracts 1 wrong personas
  027 Popperian Liberal                  attracts 1 wrong personas

Wrote output/persona-replay.json
