Running 121 personas (one per active archetype)
  ... 10/121  latest: 011 Jacobin Egalitarian → top1=013 Radical Leveler (d=0.39)  rank=-1
  ... 20/121  latest: 024 Ethical Internationalist → top1=031 Planetary Steward (d=0.35)  rank=2
  ... 30/121  latest: 037 Fabian Modernizer → top1=037 Fabian Modernizer (d=0.35)  rank=1
  ... 40/121  latest: 051 Systemic Redistributionist → top1=051 Systemic Redistributionist (d=0.38)  rank=1
  ... 50/121  latest: 065 Opportunity Liberal → top1=031 Planetary Steward (d=0.36)  rank=-1
  ... 60/121  latest: 078 Meritocratic Conservative → top1=078 Meritocratic Conservative (d=0.39)  rank=1
  ... 70/121  latest: 089 Integral Traditionalist → top1=083 Closed Traditionalist (d=0.34)  rank=-1
  ... 80/121  latest: 101 Embattled Majoritarian → top1=106 Militant Partisan (d=0.37)  rank=3
  ... 90/121  latest: 112 Engaged Cosmopolitan → top1=112 Engaged Cosmopolitan (d=0.39)  rank=1
  ... 100/121  latest: 122 Civic Minimalist → top1=050 Traditionalist Moralist (d=0.40)  rank=-1
  ... 110/121  latest: 135 Disruptive Cosmopolitan → top1=021 Principled Cosmopolitan (d=0.39)  rank=-1
  ... 120/121  latest: 145 Feminist Voter → top1=048 Solidaristic Localist (d=0.37)  rank=-1

=== Recovery Rates ===
Top-1: 56/121 (46.3%)
Top-3: 82/121 (67.8%)
Avg questions answered: 25.6

=== Personas NOT recovered in top-3 (39) ===
  003 Consensus Redistributionist        → got 002 Independent Social Democrat
  011 Jacobin Egalitarian                → got 013 Radical Leveler
  015 Moral Firebrand                    → got 012 Class-War Leftist
  029 Liberationist Progressive          → got 031 Planetary Steward
  040 Reform Engineer                    → got 057 Temperate Pluralist
  053 Consensus Builder                  → got 039 Data-Driven Moderate
  059 Public-Minded Moderate             → got 039 Data-Driven Moderate
  060 Hinge Citizen                      → got 088 Gentle Traditionalist
  062 Meritocratic Liberal               → got 039 Data-Driven Moderate
  065 Opportunity Liberal                → got 031 Planetary Steward
  067 Free-Exchange Modernist            → got 033 Systems Modernizer
  069 Bleeding-Heart Libertarian         → got 065 Opportunity Liberal
  077 Ordered Libertarian                → got 039 Data-Driven Moderate
  079 National Developmentalist          → got 036 Institutional Optimizer
  086 Duty Traditionalist                → got 088 Gentle Traditionalist
  089 Integral Traditionalist            → got 083 Closed Traditionalist
  100 Tribal Insurgent                   → got 106 Militant Partisan
  110 Principled Abstainer               → got 012 Class-War Leftist
  111 Cosmopolitan Nonconformist         → got 048 Solidaristic Localist
  115 Quietist                           → got 087 Continuity Conservative
  116 Quiet Middle                       → got 039 Data-Driven Moderate
  117 Comfortable Bystander              → got 048 Solidaristic Localist
  119 Apolitical Striver                 → got 060 Hinge Citizen
  121 Spectator Citizen                  → got 134 Progressive Civic Nationalis
  122 Civic Minimalist                   → got 050 Traditionalist Moralist
  125 Reluctant Partisan                 → got 048 Solidaristic Localist
  127 Tribal Loyalist                    → got 131 Duty Voter
  128 Loyal Democrat                     → got 048 Solidaristic Localist
  132 Negative Partisan                  → got 091 Security Paternalist
  135 Disruptive Cosmopolitan            → got 021 Principled Cosmopolitan
  ... and 9 more

=== Top-1 misassignments (persona → wrong archetype) ===
Personas where target was NOT top-1: 65
Examples (first 20):
  003:Consensus Redistributionist → 002:Independent Social Democrat
  005:Pluralist Structuralist → 032:Hamiltonian Technocrat
  007:Solidarist Reformer → 087:Continuity Conservative
  008:Procedural Redistributionist → 002:Independent Social Democrat
  010:Bread-and-Butter Progressive → 002:Independent Social Democrat
  011:Jacobin Egalitarian → 013:Radical Leveler
  015:Moral Firebrand → 012:Class-War Leftist
  016:Insurgent Equalizer → 013:Radical Leveler
  017:Uncompromising Redistributionist → 012:Class-War Leftist
  020:Grassroots Autonomist → 012:Class-War Leftist
  024:Ethical Internationalist → 031:Planetary Steward
  028:Global Caretaker → 026:Cosmopolitan Pragmatist
  029:Liberationist Progressive → 031:Planetary Steward
  035:Administrative Liberal → 039:Data-Driven Moderate
  040:Reform Engineer → 057:Temperate Pluralist
  042:Localist Progressive → 048:Solidaristic Localist
  050:Traditionalist Moralist → 087:Continuity Conservative
  053:Consensus Builder → 039:Data-Driven Moderate
  059:Public-Minded Moderate → 039:Data-Driven Moderate
  060:Hinge Citizen → 088:Gentle Traditionalist

=== Attractor archetypes (where mispredicted personas land) ===
  048 Solidaristic Localist              attracts 11 wrong personas
  039 Data-Driven Moderate               attracts 6 wrong personas
  087 Continuity Conservative            attracts 5 wrong personas
  012 Class-War Leftist                  attracts 5 wrong personas
  106 Militant Partisan                  attracts 5 wrong personas
  002 Independent Social Democrat        attracts 3 wrong personas
  031 Planetary Steward                  attracts 3 wrong personas
  091 Security Paternalist               attracts 3 wrong personas
  013 Radical Leveler                    attracts 2 wrong personas
  088 Gentle Traditionalist              attracts 2 wrong personas
  065 Opportunity Liberal                attracts 2 wrong personas
  032 Hamiltonian Technocrat             attracts 1 wrong personas
  026 Cosmopolitan Pragmatist            attracts 1 wrong personas
  057 Temperate Pluralist                attracts 1 wrong personas
  027 Popperian Liberal                  attracts 1 wrong personas


=== Dump 1 — 088 Gentle Traditionalist (hardened-fascist persona) ===
  Q total: 27  (recorded 21, synthesized 6)
  matched: 083 Closed Traditionalist · distance 0.39
  target 088 rank: 3 · distance 0.40
  perNode: MAT:8(p3.0/s1.74) CD:8(p4.2/s2.94) CU:8(p1.5/s2.65) MOR:7(p1.8/s2.81) PRO:8(p2.9/s1.50) COM:7(p2.4/s0.82) ZS:7(p4.2/s2.49) ONT_H:8(p1.7/s2.66) ONT_S:5(p2.9/s1.98) PF:2(p4.6/s2.33) TRB:1(p3.0/s1.40) ENG:2(p4.6/s2.33)
Wrote output/persona-replay.json

=== Dump 2 — 056 Institutional Leftist (Sam's 2026-04-28 run) ===
  Q total: 29  (recorded 26, synthesized 3)
  matched: 056 Institutional Leftist · distance 0.38
  target 056 rank: 1 · distance 0.38
  perNode: MAT:7(p1.6/s2.91) CD:7(p2.9/s1.60) CU:9(p2.8/s2.87) MOR:7(p3.4/s1.60) PRO:9(p3.7/s1.94) COM:7(p2.4/s1.60) ZS:4(p2.5/s1.67) ONT_H:8(p4.0/s2.58) ONT_S:7(p4.5/s2.95) PF:2(p4.6/s2.33) TRB:1(p3.0/s1.40) ENG:2(p4.6/s2.33)

=== Dump 3 — 011 Jacobin Egalitarian ===
  Q total: 29  (recorded 22, synthesized 7)
  matched: 011 Jacobin Egalitarian · distance 0.37
  target 011 rank: 1 · distance 0.37
  perNode: MAT:6(p2.0/s2.12) CD:7(p1.5/s2.50) CU:8(p4.0/s2.33) MOR:6(p4.6/s2.84) PRO:9(p2.3/s1.94) COM:7(p2.8/s1.22) ZS:8(p4.1/s2.14) ONT_H:8(p2.9/s1.86) ONT_S:7(p2.5/s2.13) PF:1(p2.4/s1.50) TRB:1(p3.0/s1.44) ENG:2(p1.4/s2.00)

Wrote C:\Users\Sam\Desktop\polmodel-clean\output\dump-replay.json
